<?xml version="1.0" encoding="UTF-8"?>
<!-- Generated by org.testng.reporters.JUnitXMLReporter -->
<testsuite hostname="Naumans-PC" ignored="2" name="home-office-visa-check-nauman" tests="1" failures="0" timestamp="2022-12-16T20:27:27 GMT" time="9.417" errors="0">
  <testcase name="aChileanComingToTheUKForWorkAndPlansOnStayingForLongerThanSixMonths" time="5.853" classname="gov.uk.check.visa.testsuite.VisaConfirmationTest"/>
  <testcase name="verifyJobSearchResultUsingDifferentDataSet" time="0.0" classname="gov.uk.check.visa.testsuite.VisaConfirmationTest">
    <ignored/>
  </testcase> <!-- verifyJobSearchResultUsingDifferentDataSet -->
  <testcase name="aColumbianNationalComingToTheUKToJoinAPartnerForALongStayTheyDoHaveAnArticle10Or20Card" time="0.0" classname="gov.uk.check.visa.testsuite.VisaConfirmationTest">
    <ignored/>
  </testcase> <!-- aColumbianNationalComingToTheUKToJoinAPartnerForALongStayTheyDoHaveAnArticle10Or20Card -->
</testsuite> <!-- home-office-visa-check-nauman -->
